2026-01-18 16:35:08 [main] INFO  c.s.updater.UpdaterApplication - Starting UpdaterApplication using Java 17.0.17 with PID 29468 (C:\Users\nakuy\portfolio_dysk\jaz\speedrun-project\speedrun-manager\speedrun-updater\build\classes\java\main started by nakuy in C:\Users\nakuy\portfolio_dysk\jaz\speedrun-project\speedrun-manager)
2026-01-18 16:35:08 [main] DEBUG c.s.updater.UpdaterApplication - Running with Spring Boot v3.2.2, Spring v6.1.3
2026-01-18 16:35:08 [main] INFO  c.s.updater.UpdaterApplication - No active profile set, falling back to 1 default profile: "default"
2026-01-18 16:35:08 [main] INFO  o.s.d.r.c.RepositoryConfigurationDelegate - Bootstrapping Spring Data JPA repositories in DEFAULT mode.
2026-01-18 16:35:08 [main] INFO  o.s.d.r.c.RepositoryConfigurationDelegate - Finished Spring Data repository scanning in 23 ms. Found 3 JPA repository interfaces.
2026-01-18 16:35:09 [main] INFO  o.s.b.w.e.tomcat.TomcatWebServer - Tomcat initialized with port 8081 (http)
2026-01-18 16:35:09 [main] INFO  o.a.catalina.core.StandardService - Starting service [Tomcat]
2026-01-18 16:35:09 [main] INFO  o.a.catalina.core.StandardEngine - Starting Servlet engine: [Apache Tomcat/10.1.18]
2026-01-18 16:35:09 [main] INFO  o.a.c.c.C.[Tomcat].[localhost].[/] - Initializing Spring embedded WebApplicationContext
2026-01-18 16:35:09 [main] INFO  o.s.b.w.s.c.ServletWebServerApplicationContext - Root WebApplicationContext: initialization completed in 719 ms
2026-01-18 16:35:09 [main] INFO  o.h.jpa.internal.util.LogHelper - HHH000204: Processing PersistenceUnitInfo [name: default]
2026-01-18 16:35:09 [main] INFO  org.hibernate.Version - HHH000412: Hibernate ORM core version 6.4.1.Final
2026-01-18 16:35:09 [main] INFO  o.h.c.i.RegionFactoryInitiator - HHH000026: Second-level cache disabled
2026-01-18 16:35:09 [main] INFO  o.s.o.j.p.SpringPersistenceUnitInfo - No LoadTimeWeaver setup: ignoring JPA class transformer
2026-01-18 16:35:09 [main] INFO  com.zaxxer.hikari.HikariDataSource - HikariPool-1 - Starting...
2026-01-18 16:35:09 [main] INFO  com.zaxxer.hikari.pool.HikariPool - HikariPool-1 - Added connection org.mariadb.jdbc.Connection@4c04216f
2026-01-18 16:35:09 [main] INFO  com.zaxxer.hikari.HikariDataSource - HikariPool-1 - Start completed.
2026-01-18 16:35:09 [main] WARN  org.hibernate.orm.deprecation - HHH90000025: MariaDBDialect does not need to be specified explicitly using 'hibernate.dialect' (remove the property setting and it will be selected by default)
2026-01-18 16:35:10 [main] INFO  o.h.e.t.j.p.i.JtaPlatformInitiator - HHH000489: No JTA platform available (set 'hibernate.transaction.jta.platform' to enable JTA platform integration)
2026-01-18 16:35:10 [main] INFO  o.s.o.j.LocalContainerEntityManagerFactoryBean - Initialized JPA EntityManagerFactory for persistence unit 'default'
2026-01-18 16:35:10 [main] WARN  o.s.b.a.o.j.JpaBaseConfiguration$JpaWebConfiguration - spring.jpa.open-in-view is enabled by default. Therefore, database queries may be performed during view rendering. Explicitly configure spring.jpa.open-in-view to disable this warning
2026-01-18 16:35:10 [main] INFO  o.s.b.w.e.tomcat.TomcatWebServer - Tomcat started on port 8081 (http) with context path ''
2026-01-18 16:35:10 [main] INFO  c.s.updater.UpdaterApplication - Started UpdaterApplication in 2.415 seconds (process running for 2.702)
2026-01-18 16:35:17 [main] INFO  c.speedrun.webapi.WebApiApplication - Starting WebApiApplication using Java 17.0.17 with PID 24828 (C:\Users\nakuy\portfolio_dysk\jaz\speedrun-project\speedrun-manager\speedrun-web-api\build\classes\java\main started by nakuy in C:\Users\nakuy\portfolio_dysk\jaz\speedrun-project\speedrun-manager)
2026-01-18 16:35:17 [main] DEBUG c.speedrun.webapi.WebApiApplication - Running with Spring Boot v3.2.2, Spring v6.1.3
2026-01-18 16:35:17 [main] INFO  c.speedrun.webapi.WebApiApplication - No active profile set, falling back to 1 default profile: "default"
2026-01-18 16:35:17 [main] INFO  o.s.d.r.c.RepositoryConfigurationDelegate - Bootstrapping Spring Data JPA repositories in DEFAULT mode.
2026-01-18 16:35:17 [main] INFO  o.s.d.r.c.RepositoryConfigurationDelegate - Finished Spring Data repository scanning in 22 ms. Found 3 JPA repository interfaces.
2026-01-18 16:35:18 [main] INFO  o.s.b.w.e.tomcat.TomcatWebServer - Tomcat initialized with port 8080 (http)
2026-01-18 16:35:18 [main] INFO  o.a.catalina.core.StandardService - Starting service [Tomcat]
2026-01-18 16:35:18 [main] INFO  o.a.catalina.core.StandardEngine - Starting Servlet engine: [Apache Tomcat/10.1.18]
2026-01-18 16:35:18 [main] INFO  o.a.c.c.C.[Tomcat].[localhost].[/] - Initializing Spring embedded WebApplicationContext
2026-01-18 16:35:18 [main] INFO  o.s.b.w.s.c.ServletWebServerApplicationContext - Root WebApplicationContext: initialization completed in 678 ms
2026-01-18 16:35:18 [main] INFO  o.h.jpa.internal.util.LogHelper - HHH000204: Processing PersistenceUnitInfo [name: default]
2026-01-18 16:35:18 [main] INFO  org.hibernate.Version - HHH000412: Hibernate ORM core version 6.4.1.Final
2026-01-18 16:35:18 [main] INFO  o.h.c.i.RegionFactoryInitiator - HHH000026: Second-level cache disabled
2026-01-18 16:35:18 [main] INFO  o.s.o.j.p.SpringPersistenceUnitInfo - No LoadTimeWeaver setup: ignoring JPA class transformer
2026-01-18 16:35:18 [main] INFO  com.zaxxer.hikari.HikariDataSource - HikariPool-1 - Starting...
2026-01-18 16:35:18 [main] INFO  com.zaxxer.hikari.pool.HikariPool - HikariPool-1 - Added connection org.mariadb.jdbc.Connection@71369e1a
2026-01-18 16:35:18 [main] INFO  com.zaxxer.hikari.HikariDataSource - HikariPool-1 - Start completed.
2026-01-18 16:35:18 [main] WARN  org.hibernate.orm.deprecation - HHH90000025: MariaDBDialect does not need to be specified explicitly using 'hibernate.dialect' (remove the property setting and it will be selected by default)
2026-01-18 16:35:19 [main] INFO  o.h.e.t.j.p.i.JtaPlatformInitiator - HHH000489: No JTA platform available (set 'hibernate.transaction.jta.platform' to enable JTA platform integration)
2026-01-18 16:35:19 [main] INFO  o.s.o.j.LocalContainerEntityManagerFactoryBean - Initialized JPA EntityManagerFactory for persistence unit 'default'
2026-01-18 16:35:19 [main] WARN  o.s.b.a.o.j.JpaBaseConfiguration$JpaWebConfiguration - spring.jpa.open-in-view is enabled by default. Therefore, database queries may be performed during view rendering. Explicitly configure spring.jpa.open-in-view to disable this warning
2026-01-18 16:35:19 [main] INFO  o.s.b.w.e.tomcat.TomcatWebServer - Tomcat started on port 8080 (http) with context path ''
2026-01-18 16:35:19 [main] INFO  c.speedrun.webapi.WebApiApplication - Started WebApiApplication in 2.281 seconds (process running for 2.57)
2026-01-18 16:35:23 [http-nio-8081-exec-1] INFO  o.a.c.c.C.[Tomcat].[localhost].[/] - Initializing Spring DispatcherServlet 'dispatcherServlet'
2026-01-18 16:35:23 [http-nio-8081-exec-1] INFO  o.s.web.servlet.DispatcherServlet - Initializing Servlet 'dispatcherServlet'
2026-01-18 16:35:23 [http-nio-8081-exec-1] INFO  o.s.web.servlet.DispatcherServlet - Completed initialization in 0 ms
2026-01-18 16:35:27 [http-nio-8080-exec-1] INFO  o.a.c.c.C.[Tomcat].[localhost].[/] - Initializing Spring DispatcherServlet 'dispatcherServlet'
2026-01-18 16:35:27 [http-nio-8080-exec-1] INFO  o.s.web.servlet.DispatcherServlet - Initializing Servlet 'dispatcherServlet'
2026-01-18 16:35:27 [http-nio-8080-exec-1] INFO  o.s.web.servlet.DispatcherServlet - Completed initialization in 1 ms
2026-01-18 16:44:46 [SpringApplicationShutdownHook] INFO  o.s.o.j.LocalContainerEntityManagerFactoryBean - Closing JPA EntityManagerFactory for persistence unit 'default'
2026-01-18 16:44:46 [SpringApplicationShutdownHook] INFO  com.zaxxer.hikari.HikariDataSource - HikariPool-1 - Shutdown initiated...
2026-01-18 16:44:46 [SpringApplicationShutdownHook] INFO  com.zaxxer.hikari.HikariDataSource - HikariPool-1 - Shutdown completed.
2026-01-18 16:44:46 [SpringApplicationShutdownHook] INFO  o.s.o.j.LocalContainerEntityManagerFactoryBean - Closing JPA EntityManagerFactory for persistence unit 'default'
2026-01-18 16:44:46 [SpringApplicationShutdownHook] INFO  com.zaxxer.hikari.HikariDataSource - HikariPool-1 - Shutdown initiated...
2026-01-18 16:44:46 [SpringApplicationShutdownHook] INFO  com.zaxxer.hikari.HikariDataSource - HikariPool-1 - Shutdown completed.
2026-01-18 16:44:53 [main] INFO  c.s.updater.UpdaterApplication - Starting UpdaterApplication using Java 17.0.17 with PID 29980 (C:\Users\nakuy\portfolio_dysk\jaz\speedrun-project\speedrun-manager\speedrun-updater\build\classes\java\main started by nakuy in C:\Users\nakuy\portfolio_dysk\jaz\speedrun-project\speedrun-manager)
2026-01-18 16:44:53 [main] DEBUG c.s.updater.UpdaterApplication - Running with Spring Boot v3.2.2, Spring v6.1.3
2026-01-18 16:44:53 [main] INFO  c.s.updater.UpdaterApplication - No active profile set, falling back to 1 default profile: "default"
2026-01-18 16:44:53 [main] INFO  o.s.d.r.c.RepositoryConfigurationDelegate - Bootstrapping Spring Data JPA repositories in DEFAULT mode.
2026-01-18 16:44:53 [main] INFO  o.s.d.r.c.RepositoryConfigurationDelegate - Finished Spring Data repository scanning in 23 ms. Found 3 JPA repository interfaces.
2026-01-18 16:44:53 [main] INFO  o.s.b.w.e.tomcat.TomcatWebServer - Tomcat initialized with port 8081 (http)
2026-01-18 16:44:54 [main] INFO  o.a.catalina.core.StandardService - Starting service [Tomcat]
2026-01-18 16:44:54 [main] INFO  o.a.catalina.core.StandardEngine - Starting Servlet engine: [Apache Tomcat/10.1.18]
2026-01-18 16:44:54 [main] INFO  o.a.c.c.C.[Tomcat].[localhost].[/] - Initializing Spring embedded WebApplicationContext
2026-01-18 16:44:54 [main] INFO  o.s.b.w.s.c.ServletWebServerApplicationContext - Root WebApplicationContext: initialization completed in 722 ms
2026-01-18 16:44:54 [main] INFO  o.h.jpa.internal.util.LogHelper - HHH000204: Processing PersistenceUnitInfo [name: default]
2026-01-18 16:44:54 [main] INFO  org.hibernate.Version - HHH000412: Hibernate ORM core version 6.4.1.Final
2026-01-18 16:44:54 [main] INFO  o.h.c.i.RegionFactoryInitiator - HHH000026: Second-level cache disabled
2026-01-18 16:44:54 [main] INFO  o.s.o.j.p.SpringPersistenceUnitInfo - No LoadTimeWeaver setup: ignoring JPA class transformer
2026-01-18 16:44:54 [main] INFO  com.zaxxer.hikari.HikariDataSource - HikariPool-1 - Starting...
2026-01-18 16:44:54 [main] INFO  com.zaxxer.hikari.pool.HikariPool - HikariPool-1 - Added connection org.mariadb.jdbc.Connection@1f949ab9
2026-01-18 16:44:54 [main] INFO  com.zaxxer.hikari.HikariDataSource - HikariPool-1 - Start completed.
2026-01-18 16:44:54 [main] WARN  org.hibernate.orm.deprecation - HHH90000025: MariaDBDialect does not need to be specified explicitly using 'hibernate.dialect' (remove the property setting and it will be selected by default)
2026-01-18 16:44:55 [main] INFO  o.h.e.t.j.p.i.JtaPlatformInitiator - HHH000489: No JTA platform available (set 'hibernate.transaction.jta.platform' to enable JTA platform integration)
2026-01-18 16:44:55 [main] INFO  o.s.o.j.LocalContainerEntityManagerFactoryBean - Initialized JPA EntityManagerFactory for persistence unit 'default'
2026-01-18 16:44:55 [main] WARN  o.s.b.a.o.j.JpaBaseConfiguration$JpaWebConfiguration - spring.jpa.open-in-view is enabled by default. Therefore, database queries may be performed during view rendering. Explicitly configure spring.jpa.open-in-view to disable this warning
2026-01-18 16:44:55 [main] INFO  o.s.b.w.e.tomcat.TomcatWebServer - Tomcat started on port 8081 (http) with context path ''
2026-01-18 16:44:55 [main] INFO  c.s.updater.UpdaterApplication - Started UpdaterApplication in 2.427 seconds (process running for 2.725)
2026-01-18 16:45:04 [main] INFO  c.speedrun.webapi.WebApiApplication - Starting WebApiApplication using Java 17.0.17 with PID 30624 (C:\Users\nakuy\portfolio_dysk\jaz\speedrun-project\speedrun-manager\speedrun-web-api\build\classes\java\main started by nakuy in C:\Users\nakuy\portfolio_dysk\jaz\speedrun-project\speedrun-manager)
2026-01-18 16:45:04 [main] DEBUG c.speedrun.webapi.WebApiApplication - Running with Spring Boot v3.2.2, Spring v6.1.3
2026-01-18 16:45:04 [main] INFO  c.speedrun.webapi.WebApiApplication - No active profile set, falling back to 1 default profile: "default"
2026-01-18 16:45:05 [main] INFO  o.s.d.r.c.RepositoryConfigurationDelegate - Bootstrapping Spring Data JPA repositories in DEFAULT mode.
2026-01-18 16:45:05 [main] INFO  o.s.d.r.c.RepositoryConfigurationDelegate - Finished Spring Data repository scanning in 22 ms. Found 3 JPA repository interfaces.
2026-01-18 16:45:05 [main] INFO  o.s.b.w.e.tomcat.TomcatWebServer - Tomcat initialized with port 8080 (http)
2026-01-18 16:45:05 [main] INFO  o.a.catalina.core.StandardService - Starting service [Tomcat]
2026-01-18 16:45:05 [main] INFO  o.a.catalina.core.StandardEngine - Starting Servlet engine: [Apache Tomcat/10.1.18]
2026-01-18 16:45:05 [main] INFO  o.a.c.c.C.[Tomcat].[localhost].[/] - Initializing Spring embedded WebApplicationContext
2026-01-18 16:45:05 [main] INFO  o.s.b.w.s.c.ServletWebServerApplicationContext - Root WebApplicationContext: initialization completed in 648 ms
2026-01-18 16:45:05 [main] INFO  o.h.jpa.internal.util.LogHelper - HHH000204: Processing PersistenceUnitInfo [name: default]
2026-01-18 16:45:05 [main] INFO  org.hibernate.Version - HHH000412: Hibernate ORM core version 6.4.1.Final
2026-01-18 16:45:05 [main] INFO  o.h.c.i.RegionFactoryInitiator - HHH000026: Second-level cache disabled
2026-01-18 16:45:05 [main] INFO  o.s.o.j.p.SpringPersistenceUnitInfo - No LoadTimeWeaver setup: ignoring JPA class transformer
2026-01-18 16:45:05 [main] INFO  com.zaxxer.hikari.HikariDataSource - HikariPool-1 - Starting...
2026-01-18 16:45:05 [main] INFO  com.zaxxer.hikari.pool.HikariPool - HikariPool-1 - Added connection org.mariadb.jdbc.Connection@6d7b001b
2026-01-18 16:45:05 [main] INFO  com.zaxxer.hikari.HikariDataSource - HikariPool-1 - Start completed.
2026-01-18 16:45:05 [main] WARN  org.hibernate.orm.deprecation - HHH90000025: MariaDBDialect does not need to be specified explicitly using 'hibernate.dialect' (remove the property setting and it will be selected by default)
2026-01-18 16:45:06 [main] INFO  o.h.e.t.j.p.i.JtaPlatformInitiator - HHH000489: No JTA platform available (set 'hibernate.transaction.jta.platform' to enable JTA platform integration)
2026-01-18 16:45:06 [main] INFO  o.s.o.j.LocalContainerEntityManagerFactoryBean - Initialized JPA EntityManagerFactory for persistence unit 'default'
2026-01-18 16:45:06 [main] WARN  o.s.b.a.o.j.JpaBaseConfiguration$JpaWebConfiguration - spring.jpa.open-in-view is enabled by default. Therefore, database queries may be performed during view rendering. Explicitly configure spring.jpa.open-in-view to disable this warning
2026-01-18 16:45:06 [main] INFO  o.s.b.w.e.tomcat.TomcatWebServer - Tomcat started on port 8080 (http) with context path ''
2026-01-18 16:45:06 [main] INFO  c.speedrun.webapi.WebApiApplication - Started WebApiApplication in 2.273 seconds (process running for 2.564)
2026-01-18 16:45:54 [http-nio-8081-exec-1] INFO  o.a.c.c.C.[Tomcat].[localhost].[/] - Initializing Spring DispatcherServlet 'dispatcherServlet'
2026-01-18 16:45:54 [http-nio-8081-exec-1] INFO  o.s.web.servlet.DispatcherServlet - Initializing Servlet 'dispatcherServlet'
2026-01-18 16:45:54 [http-nio-8081-exec-1] INFO  o.s.web.servlet.DispatcherServlet - Completed initialization in 0 ms
2026-01-18 16:45:54 [http-nio-8081-exec-1] INFO  c.s.u.service.SpeedrunUpdaterService - Rozpoczynanie aktualizacji gry o ID: j1lq99j6
2026-01-18 16:45:56 [http-nio-8081-exec-1] INFO  c.s.u.service.SpeedrunUpdaterService - Pomyślnie zaktualizowano grę w bazie: Knockout (ID: j1lq99j6)
2026-01-18 16:45:59 [http-nio-8080-exec-1] INFO  o.a.c.c.C.[Tomcat].[localhost].[/] - Initializing Spring DispatcherServlet 'dispatcherServlet'
2026-01-18 16:45:59 [http-nio-8080-exec-1] INFO  o.s.web.servlet.DispatcherServlet - Initializing Servlet 'dispatcherServlet'
2026-01-18 16:45:59 [http-nio-8080-exec-1] INFO  o.s.web.servlet.DispatcherServlet - Completed initialization in 1 ms
2026-01-18 16:48:52 [SpringApplicationShutdownHook] INFO  o.s.o.j.LocalContainerEntityManagerFactoryBean - Closing JPA EntityManagerFactory for persistence unit 'default'
2026-01-18 16:48:52 [SpringApplicationShutdownHook] INFO  o.s.o.j.LocalContainerEntityManagerFactoryBean - Closing JPA EntityManagerFactory for persistence unit 'default'
2026-01-18 16:48:52 [SpringApplicationShutdownHook] INFO  com.zaxxer.hikari.HikariDataSource - HikariPool-1 - Shutdown initiated...
2026-01-18 16:48:52 [SpringApplicationShutdownHook] INFO  com.zaxxer.hikari.HikariDataSource - HikariPool-1 - Shutdown initiated...
2026-01-18 16:48:52 [SpringApplicationShutdownHook] INFO  com.zaxxer.hikari.HikariDataSource - HikariPool-1 - Shutdown completed.
2026-01-18 16:48:52 [SpringApplicationShutdownHook] INFO  com.zaxxer.hikari.HikariDataSource - HikariPool-1 - Shutdown completed.
2026-01-18 16:49:59 [main] INFO  c.s.updater.UpdaterApplication - Starting UpdaterApplication using Java 17.0.17 with PID 10368 (C:\Users\nakuy\portfolio_dysk\jaz\speedrun-project\speedrun-manager\speedrun-updater\build\classes\java\main started by nakuy in C:\Users\nakuy\portfolio_dysk\jaz\speedrun-project\speedrun-manager)
2026-01-18 16:49:59 [main] DEBUG c.s.updater.UpdaterApplication - Running with Spring Boot v3.2.2, Spring v6.1.3
2026-01-18 16:49:59 [main] INFO  c.s.updater.UpdaterApplication - No active profile set, falling back to 1 default profile: "default"
2026-01-18 16:50:00 [main] INFO  o.s.d.r.c.RepositoryConfigurationDelegate - Bootstrapping Spring Data JPA repositories in DEFAULT mode.
2026-01-18 16:50:00 [main] INFO  o.s.d.r.c.RepositoryConfigurationDelegate - Finished Spring Data repository scanning in 24 ms. Found 3 JPA repository interfaces.
2026-01-18 16:50:00 [main] INFO  o.s.b.w.e.tomcat.TomcatWebServer - Tomcat initialized with port 8081 (http)
2026-01-18 16:50:00 [main] INFO  o.a.catalina.core.StandardService - Starting service [Tomcat]
2026-01-18 16:50:00 [main] INFO  o.a.catalina.core.StandardEngine - Starting Servlet engine: [Apache Tomcat/10.1.18]
2026-01-18 16:50:00 [main] INFO  o.a.c.c.C.[Tomcat].[localhost].[/] - Initializing Spring embedded WebApplicationContext
2026-01-18 16:50:00 [main] INFO  o.s.b.w.s.c.ServletWebServerApplicationContext - Root WebApplicationContext: initialization completed in 703 ms
2026-01-18 16:50:00 [main] INFO  o.h.jpa.internal.util.LogHelper - HHH000204: Processing PersistenceUnitInfo [name: default]
2026-01-18 16:50:00 [main] INFO  org.hibernate.Version - HHH000412: Hibernate ORM core version 6.4.1.Final
2026-01-18 16:50:00 [main] INFO  o.h.c.i.RegionFactoryInitiator - HHH000026: Second-level cache disabled
2026-01-18 16:50:00 [main] INFO  o.s.o.j.p.SpringPersistenceUnitInfo - No LoadTimeWeaver setup: ignoring JPA class transformer
2026-01-18 16:50:00 [main] INFO  com.zaxxer.hikari.HikariDataSource - HikariPool-1 - Starting...
2026-01-18 16:50:01 [main] INFO  com.zaxxer.hikari.pool.HikariPool - HikariPool-1 - Added connection org.mariadb.jdbc.Connection@7336fd8f
2026-01-18 16:50:01 [main] INFO  com.zaxxer.hikari.HikariDataSource - HikariPool-1 - Start completed.
2026-01-18 16:50:01 [main] WARN  org.hibernate.orm.deprecation - HHH90000025: MariaDBDialect does not need to be specified explicitly using 'hibernate.dialect' (remove the property setting and it will be selected by default)
2026-01-18 16:50:01 [main] INFO  o.h.e.t.j.p.i.JtaPlatformInitiator - HHH000489: No JTA platform available (set 'hibernate.transaction.jta.platform' to enable JTA platform integration)
2026-01-18 16:50:01 [main] INFO  o.s.o.j.LocalContainerEntityManagerFactoryBean - Initialized JPA EntityManagerFactory for persistence unit 'default'
2026-01-18 16:50:01 [main] WARN  o.s.b.a.o.j.JpaBaseConfiguration$JpaWebConfiguration - spring.jpa.open-in-view is enabled by default. Therefore, database queries may be performed during view rendering. Explicitly configure spring.jpa.open-in-view to disable this warning
2026-01-18 16:50:02 [main] INFO  o.s.b.w.e.tomcat.TomcatWebServer - Tomcat started on port 8081 (http) with context path ''
2026-01-18 16:50:02 [main] INFO  c.s.updater.UpdaterApplication - Started UpdaterApplication in 2.408 seconds (process running for 2.699)
2026-01-18 16:50:08 [main] INFO  c.speedrun.webapi.WebApiApplication - Starting WebApiApplication using Java 17.0.17 with PID 10060 (C:\Users\nakuy\portfolio_dysk\jaz\speedrun-project\speedrun-manager\speedrun-web-api\build\classes\java\main started by nakuy in C:\Users\nakuy\portfolio_dysk\jaz\speedrun-project\speedrun-manager)
2026-01-18 16:50:08 [main] DEBUG c.speedrun.webapi.WebApiApplication - Running with Spring Boot v3.2.2, Spring v6.1.3
2026-01-18 16:50:08 [main] INFO  c.speedrun.webapi.WebApiApplication - No active profile set, falling back to 1 default profile: "default"
2026-01-18 16:50:08 [main] INFO  o.s.d.r.c.RepositoryConfigurationDelegate - Bootstrapping Spring Data JPA repositories in DEFAULT mode.
2026-01-18 16:50:08 [main] INFO  o.s.d.r.c.RepositoryConfigurationDelegate - Finished Spring Data repository scanning in 26 ms. Found 3 JPA repository interfaces.
2026-01-18 16:50:08 [main] INFO  o.s.b.w.e.tomcat.TomcatWebServer - Tomcat initialized with port 8080 (http)
2026-01-18 16:50:08 [main] INFO  o.a.catalina.core.StandardService - Starting service [Tomcat]
2026-01-18 16:50:08 [main] INFO  o.a.catalina.core.StandardEngine - Starting Servlet engine: [Apache Tomcat/10.1.18]
2026-01-18 16:50:08 [main] INFO  o.a.c.c.C.[Tomcat].[localhost].[/] - Initializing Spring embedded WebApplicationContext
2026-01-18 16:50:08 [main] INFO  o.s.b.w.s.c.ServletWebServerApplicationContext - Root WebApplicationContext: initialization completed in 652 ms
2026-01-18 16:50:08 [main] INFO  o.h.jpa.internal.util.LogHelper - HHH000204: Processing PersistenceUnitInfo [name: default]
2026-01-18 16:50:09 [main] INFO  org.hibernate.Version - HHH000412: Hibernate ORM core version 6.4.1.Final
2026-01-18 16:50:09 [main] INFO  o.h.c.i.RegionFactoryInitiator - HHH000026: Second-level cache disabled
2026-01-18 16:50:09 [main] INFO  o.s.o.j.p.SpringPersistenceUnitInfo - No LoadTimeWeaver setup: ignoring JPA class transformer
2026-01-18 16:50:09 [main] INFO  com.zaxxer.hikari.HikariDataSource - HikariPool-1 - Starting...
2026-01-18 16:50:09 [main] INFO  com.zaxxer.hikari.pool.HikariPool - HikariPool-1 - Added connection org.mariadb.jdbc.Connection@5a7b6b75
2026-01-18 16:50:09 [main] INFO  com.zaxxer.hikari.HikariDataSource - HikariPool-1 - Start completed.
2026-01-18 16:50:09 [main] WARN  org.hibernate.orm.deprecation - HHH90000025: MariaDBDialect does not need to be specified explicitly using 'hibernate.dialect' (remove the property setting and it will be selected by default)
2026-01-18 16:50:09 [main] INFO  o.h.e.t.j.p.i.JtaPlatformInitiator - HHH000489: No JTA platform available (set 'hibernate.transaction.jta.platform' to enable JTA platform integration)
2026-01-18 16:50:09 [main] INFO  o.s.o.j.LocalContainerEntityManagerFactoryBean - Initialized JPA EntityManagerFactory for persistence unit 'default'
2026-01-18 16:50:10 [main] WARN  o.s.b.a.o.j.JpaBaseConfiguration$JpaWebConfiguration - spring.jpa.open-in-view is enabled by default. Therefore, database queries may be performed during view rendering. Explicitly configure spring.jpa.open-in-view to disable this warning
2026-01-18 16:50:10 [main] INFO  o.s.b.w.e.tomcat.TomcatWebServer - Tomcat started on port 8080 (http) with context path ''
2026-01-18 16:50:10 [main] INFO  c.speedrun.webapi.WebApiApplication - Started WebApiApplication in 2.203 seconds (process running for 2.502)
2026-01-18 16:50:21 [http-nio-8080-exec-1] INFO  o.a.c.c.C.[Tomcat].[localhost].[/] - Initializing Spring DispatcherServlet 'dispatcherServlet'
2026-01-18 16:50:21 [http-nio-8080-exec-1] INFO  o.s.web.servlet.DispatcherServlet - Initializing Servlet 'dispatcherServlet'
2026-01-18 16:50:21 [http-nio-8080-exec-1] INFO  o.s.web.servlet.DispatcherServlet - Completed initialization in 0 ms
2026-01-18 17:18:48 [SpringApplicationShutdownHook] INFO  o.s.o.j.LocalContainerEntityManagerFactoryBean - Closing JPA EntityManagerFactory for persistence unit 'default'
2026-01-18 17:18:48 [SpringApplicationShutdownHook] INFO  com.zaxxer.hikari.HikariDataSource - HikariPool-1 - Shutdown initiated...
2026-01-18 17:18:48 [SpringApplicationShutdownHook] INFO  o.s.o.j.LocalContainerEntityManagerFactoryBean - Closing JPA EntityManagerFactory for persistence unit 'default'
2026-01-18 17:18:48 [SpringApplicationShutdownHook] INFO  com.zaxxer.hikari.HikariDataSource - HikariPool-1 - Shutdown completed.
2026-01-18 17:18:48 [SpringApplicationShutdownHook] INFO  com.zaxxer.hikari.HikariDataSource - HikariPool-1 - Shutdown initiated...
2026-01-18 17:18:48 [SpringApplicationShutdownHook] INFO  com.zaxxer.hikari.HikariDataSource - HikariPool-1 - Shutdown completed.
2026-01-18 17:18:59 [main] INFO  c.s.updater.UpdaterApplication - Starting UpdaterApplication using Java 17.0.17 with PID 9852 (C:\Users\nakuy\portfolio_dysk\jaz\speedrun-project\speedrun-manager\speedrun-updater\build\classes\java\main started by nakuy in C:\Users\nakuy\portfolio_dysk\jaz\speedrun-project\speedrun-manager)
2026-01-18 17:18:59 [main] DEBUG c.s.updater.UpdaterApplication - Running with Spring Boot v3.2.2, Spring v6.1.3
2026-01-18 17:18:59 [main] INFO  c.s.updater.UpdaterApplication - No active profile set, falling back to 1 default profile: "default"
2026-01-18 17:18:59 [main] INFO  o.s.d.r.c.RepositoryConfigurationDelegate - Bootstrapping Spring Data JPA repositories in DEFAULT mode.
2026-01-18 17:18:59 [main] INFO  o.s.d.r.c.RepositoryConfigurationDelegate - Finished Spring Data repository scanning in 25 ms. Found 4 JPA repository interfaces.
2026-01-18 17:18:59 [main] INFO  o.s.b.w.e.tomcat.TomcatWebServer - Tomcat initialized with port 8081 (http)
2026-01-18 17:18:59 [main] INFO  o.a.catalina.core.StandardService - Starting service [Tomcat]
2026-01-18 17:18:59 [main] INFO  o.a.catalina.core.StandardEngine - Starting Servlet engine: [Apache Tomcat/10.1.18]
2026-01-18 17:19:00 [main] INFO  o.a.c.c.C.[Tomcat].[localhost].[/] - Initializing Spring embedded WebApplicationContext
2026-01-18 17:19:00 [main] INFO  o.s.b.w.s.c.ServletWebServerApplicationContext - Root WebApplicationContext: initialization completed in 680 ms
2026-01-18 17:19:00 [main] INFO  o.h.jpa.internal.util.LogHelper - HHH000204: Processing PersistenceUnitInfo [name: default]
2026-01-18 17:19:00 [main] INFO  org.hibernate.Version - HHH000412: Hibernate ORM core version 6.4.1.Final
2026-01-18 17:19:00 [main] INFO  o.h.c.i.RegionFactoryInitiator - HHH000026: Second-level cache disabled
2026-01-18 17:19:00 [main] INFO  o.s.o.j.p.SpringPersistenceUnitInfo - No LoadTimeWeaver setup: ignoring JPA class transformer
2026-01-18 17:19:00 [main] INFO  com.zaxxer.hikari.HikariDataSource - HikariPool-1 - Starting...
2026-01-18 17:19:00 [main] INFO  com.zaxxer.hikari.pool.HikariPool - HikariPool-1 - Added connection org.mariadb.jdbc.Connection@39f42d0e
2026-01-18 17:19:00 [main] INFO  com.zaxxer.hikari.HikariDataSource - HikariPool-1 - Start completed.
2026-01-18 17:19:00 [main] WARN  org.hibernate.orm.deprecation - HHH90000025: MariaDBDialect does not need to be specified explicitly using 'hibernate.dialect' (remove the property setting and it will be selected by default)
2026-01-18 17:19:00 [main] INFO  o.h.e.t.j.p.i.JtaPlatformInitiator - HHH000489: No JTA platform available (set 'hibernate.transaction.jta.platform' to enable JTA platform integration)
2026-01-18 17:19:01 [main] INFO  o.s.o.j.LocalContainerEntityManagerFactoryBean - Initialized JPA EntityManagerFactory for persistence unit 'default'
2026-01-18 17:19:01 [main] WARN  o.s.b.a.o.j.JpaBaseConfiguration$JpaWebConfiguration - spring.jpa.open-in-view is enabled by default. Therefore, database queries may be performed during view rendering. Explicitly configure spring.jpa.open-in-view to disable this warning
2026-01-18 17:19:01 [main] INFO  o.s.b.w.e.tomcat.TomcatWebServer - Tomcat started on port 8081 (http) with context path ''
2026-01-18 17:19:01 [main] INFO  c.s.updater.UpdaterApplication - Started UpdaterApplication in 2.369 seconds (process running for 2.658)
2026-01-18 17:19:08 [main] INFO  c.speedrun.webapi.WebApiApplication - Starting WebApiApplication using Java 17.0.17 with PID 29456 (C:\Users\nakuy\portfolio_dysk\jaz\speedrun-project\speedrun-manager\speedrun-web-api\build\classes\java\main started by nakuy in C:\Users\nakuy\portfolio_dysk\jaz\speedrun-project\speedrun-manager)
2026-01-18 17:19:08 [main] DEBUG c.speedrun.webapi.WebApiApplication - Running with Spring Boot v3.2.2, Spring v6.1.3
2026-01-18 17:19:08 [main] INFO  c.speedrun.webapi.WebApiApplication - No active profile set, falling back to 1 default profile: "default"
2026-01-18 17:19:08 [main] INFO  o.s.d.r.c.RepositoryConfigurationDelegate - Bootstrapping Spring Data JPA repositories in DEFAULT mode.
2026-01-18 17:19:08 [main] INFO  o.s.d.r.c.RepositoryConfigurationDelegate - Finished Spring Data repository scanning in 23 ms. Found 4 JPA repository interfaces.
2026-01-18 17:19:08 [main] INFO  o.s.b.w.e.tomcat.TomcatWebServer - Tomcat initialized with port 8080 (http)
2026-01-18 17:19:08 [main] INFO  o.a.catalina.core.StandardService - Starting service [Tomcat]
2026-01-18 17:19:08 [main] INFO  o.a.catalina.core.StandardEngine - Starting Servlet engine: [Apache Tomcat/10.1.18]
2026-01-18 17:19:09 [main] INFO  o.a.c.c.C.[Tomcat].[localhost].[/] - Initializing Spring embedded WebApplicationContext
2026-01-18 17:19:09 [main] INFO  o.s.b.w.s.c.ServletWebServerApplicationContext - Root WebApplicationContext: initialization completed in 654 ms
2026-01-18 17:19:09 [main] INFO  o.h.jpa.internal.util.LogHelper - HHH000204: Processing PersistenceUnitInfo [name: default]
2026-01-18 17:19:09 [main] INFO  org.hibernate.Version - HHH000412: Hibernate ORM core version 6.4.1.Final
2026-01-18 17:19:09 [main] INFO  o.h.c.i.RegionFactoryInitiator - HHH000026: Second-level cache disabled
2026-01-18 17:19:09 [main] INFO  o.s.o.j.p.SpringPersistenceUnitInfo - No LoadTimeWeaver setup: ignoring JPA class transformer
2026-01-18 17:19:09 [main] INFO  com.zaxxer.hikari.HikariDataSource - HikariPool-1 - Starting...
2026-01-18 17:19:09 [main] INFO  com.zaxxer.hikari.pool.HikariPool - HikariPool-1 - Added connection org.mariadb.jdbc.Connection@661e279d
2026-01-18 17:19:09 [main] INFO  com.zaxxer.hikari.HikariDataSource - HikariPool-1 - Start completed.
2026-01-18 17:19:09 [main] WARN  org.hibernate.orm.deprecation - HHH90000025: MariaDBDialect does not need to be specified explicitly using 'hibernate.dialect' (remove the property setting and it will be selected by default)
2026-01-18 17:19:09 [main] INFO  o.h.e.t.j.p.i.JtaPlatformInitiator - HHH000489: No JTA platform available (set 'hibernate.transaction.jta.platform' to enable JTA platform integration)
2026-01-18 17:19:09 [main] INFO  o.s.o.j.LocalContainerEntityManagerFactoryBean - Initialized JPA EntityManagerFactory for persistence unit 'default'
2026-01-18 17:19:10 [main] WARN  o.s.b.a.o.j.JpaBaseConfiguration$JpaWebConfiguration - spring.jpa.open-in-view is enabled by default. Therefore, database queries may be performed during view rendering. Explicitly configure spring.jpa.open-in-view to disable this warning
2026-01-18 17:19:10 [main] INFO  o.s.b.w.e.tomcat.TomcatWebServer - Tomcat started on port 8080 (http) with context path ''
2026-01-18 17:19:10 [main] INFO  c.speedrun.webapi.WebApiApplication - Started WebApiApplication in 2.255 seconds (process running for 2.534)
2026-01-18 17:19:17 [http-nio-8081-exec-1] INFO  o.a.c.c.C.[Tomcat].[localhost].[/] - Initializing Spring DispatcherServlet 'dispatcherServlet'
2026-01-18 17:19:17 [http-nio-8081-exec-1] INFO  o.s.web.servlet.DispatcherServlet - Initializing Servlet 'dispatcherServlet'
2026-01-18 17:19:17 [http-nio-8081-exec-1] INFO  o.s.web.servlet.DispatcherServlet - Completed initialization in 1 ms
2026-01-18 17:19:17 [http-nio-8081-exec-1] INFO  c.s.u.service.SpeedrunUpdaterService - Rozpoczynanie pełnej aktualizacji gry i kategorii dla ID: j1lq99j6
2026-01-18 17:19:21 [http-nio-8081-exec-1] INFO  c.s.u.service.SpeedrunUpdaterService - Pomyślnie zaktualizowano grę: Knockout wraz z 2 kategoriami
2026-01-18 17:19:27 [http-nio-8080-exec-1] INFO  o.a.c.c.C.[Tomcat].[localhost].[/] - Initializing Spring DispatcherServlet 'dispatcherServlet'
2026-01-18 17:19:27 [http-nio-8080-exec-1] INFO  o.s.web.servlet.DispatcherServlet - Initializing Servlet 'dispatcherServlet'
2026-01-18 17:19:27 [http-nio-8080-exec-1] INFO  o.s.web.servlet.DispatcherServlet - Completed initialization in 1 ms
2026-01-18 17:23:59 [http-nio-8081-exec-7] INFO  c.s.u.service.SpeedrunUpdaterService - Rozpoczynanie pełnej aktualizacji gry i kategorii dla ID: y65r7g81
2026-01-18 17:24:03 [http-nio-8081-exec-7] INFO  c.s.u.service.SpeedrunUpdaterService - Pomyślnie zaktualizowano grę: Hollow Knight: Silksong wraz z 7 kategoriami
2026-01-18 17:28:13 [SpringApplicationShutdownHook] INFO  o.s.o.j.LocalContainerEntityManagerFactoryBean - Closing JPA EntityManagerFactory for persistence unit 'default'
2026-01-18 17:28:13 [SpringApplicationShutdownHook] INFO  o.s.o.j.LocalContainerEntityManagerFactoryBean - Closing JPA EntityManagerFactory for persistence unit 'default'
2026-01-18 17:28:13 [SpringApplicationShutdownHook] INFO  com.zaxxer.hikari.HikariDataSource - HikariPool-1 - Shutdown initiated...
2026-01-18 17:28:13 [SpringApplicationShutdownHook] INFO  com.zaxxer.hikari.HikariDataSource - HikariPool-1 - Shutdown initiated...
2026-01-18 17:28:13 [SpringApplicationShutdownHook] INFO  com.zaxxer.hikari.HikariDataSource - HikariPool-1 - Shutdown completed.
2026-01-18 17:28:13 [SpringApplicationShutdownHook] INFO  com.zaxxer.hikari.HikariDataSource - HikariPool-1 - Shutdown completed.
2026-01-18 17:36:51 [main] INFO  c.s.updater.UpdaterApplication - Starting UpdaterApplication using Java 17.0.17 with PID 22548 (C:\Users\nakuy\portfolio_dysk\jaz\speedrun-project\speedrun-manager\speedrun-updater\build\classes\java\main started by nakuy in C:\Users\nakuy\portfolio_dysk\jaz\speedrun-project\speedrun-manager)
2026-01-18 17:36:51 [main] DEBUG c.s.updater.UpdaterApplication - Running with Spring Boot v3.2.2, Spring v6.1.3
2026-01-18 17:36:51 [main] INFO  c.s.updater.UpdaterApplication - No active profile set, falling back to 1 default profile: "default"
2026-01-18 17:36:51 [main] INFO  o.s.d.r.c.RepositoryConfigurationDelegate - Bootstrapping Spring Data JPA repositories in DEFAULT mode.
2026-01-18 17:36:51 [main] INFO  o.s.d.r.c.RepositoryConfigurationDelegate - Finished Spring Data repository scanning in 26 ms. Found 5 JPA repository interfaces.
2026-01-18 17:36:52 [main] INFO  o.s.b.w.e.tomcat.TomcatWebServer - Tomcat initialized with port 8081 (http)
2026-01-18 17:36:52 [main] INFO  o.a.catalina.core.StandardService - Starting service [Tomcat]
2026-01-18 17:36:52 [main] INFO  o.a.catalina.core.StandardEngine - Starting Servlet engine: [Apache Tomcat/10.1.18]
2026-01-18 17:36:52 [main] INFO  o.a.c.c.C.[Tomcat].[localhost].[/] - Initializing Spring embedded WebApplicationContext
2026-01-18 17:36:52 [main] INFO  o.s.b.w.s.c.ServletWebServerApplicationContext - Root WebApplicationContext: initialization completed in 709 ms
2026-01-18 17:36:52 [main] INFO  o.h.jpa.internal.util.LogHelper - HHH000204: Processing PersistenceUnitInfo [name: default]
2026-01-18 17:36:52 [main] INFO  org.hibernate.Version - HHH000412: Hibernate ORM core version 6.4.1.Final
2026-01-18 17:36:52 [main] INFO  o.h.c.i.RegionFactoryInitiator - HHH000026: Second-level cache disabled
2026-01-18 17:36:52 [main] INFO  o.s.o.j.p.SpringPersistenceUnitInfo - No LoadTimeWeaver setup: ignoring JPA class transformer
2026-01-18 17:36:52 [main] INFO  com.zaxxer.hikari.HikariDataSource - HikariPool-1 - Starting...
2026-01-18 17:36:52 [main] INFO  com.zaxxer.hikari.pool.HikariPool - HikariPool-1 - Added connection org.mariadb.jdbc.Connection@6d7b001b
2026-01-18 17:36:52 [main] INFO  com.zaxxer.hikari.HikariDataSource - HikariPool-1 - Start completed.
2026-01-18 17:36:52 [main] WARN  org.hibernate.orm.deprecation - HHH90000025: MariaDBDialect does not need to be specified explicitly using 'hibernate.dialect' (remove the property setting and it will be selected by default)
2026-01-18 17:36:53 [main] INFO  o.h.e.t.j.p.i.JtaPlatformInitiator - HHH000489: No JTA platform available (set 'hibernate.transaction.jta.platform' to enable JTA platform integration)
2026-01-18 17:36:53 [main] INFO  o.s.o.j.LocalContainerEntityManagerFactoryBean - Initialized JPA EntityManagerFactory for persistence unit 'default'
2026-01-18 17:36:53 [main] WARN  o.s.b.a.o.j.JpaBaseConfiguration$JpaWebConfiguration - spring.jpa.open-in-view is enabled by default. Therefore, database queries may be performed during view rendering. Explicitly configure spring.jpa.open-in-view to disable this warning
2026-01-18 17:36:53 [main] INFO  o.s.b.w.e.tomcat.TomcatWebServer - Tomcat started on port 8081 (http) with context path ''
2026-01-18 17:36:53 [main] INFO  c.s.updater.UpdaterApplication - Started UpdaterApplication in 2.429 seconds (process running for 2.726)
2026-01-18 17:37:05 [main] INFO  c.speedrun.webapi.WebApiApplication - Starting WebApiApplication using Java 17.0.17 with PID 30348 (C:\Users\nakuy\portfolio_dysk\jaz\speedrun-project\speedrun-manager\speedrun-web-api\build\classes\java\main started by nakuy in C:\Users\nakuy\portfolio_dysk\jaz\speedrun-project\speedrun-manager)
2026-01-18 17:37:05 [main] DEBUG c.speedrun.webapi.WebApiApplication - Running with Spring Boot v3.2.2, Spring v6.1.3
2026-01-18 17:37:05 [main] INFO  c.speedrun.webapi.WebApiApplication - No active profile set, falling back to 1 default profile: "default"
2026-01-18 17:37:05 [main] INFO  o.s.d.r.c.RepositoryConfigurationDelegate - Bootstrapping Spring Data JPA repositories in DEFAULT mode.
2026-01-18 17:37:05 [main] INFO  o.s.d.r.c.RepositoryConfigurationDelegate - Finished Spring Data repository scanning in 28 ms. Found 5 JPA repository interfaces.
2026-01-18 17:37:05 [main] INFO  o.s.b.w.e.tomcat.TomcatWebServer - Tomcat initialized with port 8080 (http)
2026-01-18 17:37:05 [main] INFO  o.a.catalina.core.StandardService - Starting service [Tomcat]
2026-01-18 17:37:05 [main] INFO  o.a.catalina.core.StandardEngine - Starting Servlet engine: [Apache Tomcat/10.1.18]
2026-01-18 17:37:05 [main] INFO  o.a.c.c.C.[Tomcat].[localhost].[/] - Initializing Spring embedded WebApplicationContext
2026-01-18 17:37:05 [main] INFO  o.s.b.w.s.c.ServletWebServerApplicationContext - Root WebApplicationContext: initialization completed in 656 ms
2026-01-18 17:37:05 [main] INFO  o.h.jpa.internal.util.LogHelper - HHH000204: Processing PersistenceUnitInfo [name: default]
2026-01-18 17:37:05 [main] INFO  org.hibernate.Version - HHH000412: Hibernate ORM core version 6.4.1.Final
2026-01-18 17:37:05 [main] INFO  o.h.c.i.RegionFactoryInitiator - HHH000026: Second-level cache disabled
2026-01-18 17:37:06 [main] INFO  o.s.o.j.p.SpringPersistenceUnitInfo - No LoadTimeWeaver setup: ignoring JPA class transformer
2026-01-18 17:37:06 [main] INFO  com.zaxxer.hikari.HikariDataSource - HikariPool-1 - Starting...
2026-01-18 17:37:06 [main] INFO  com.zaxxer.hikari.pool.HikariPool - HikariPool-1 - Added connection org.mariadb.jdbc.Connection@661e279d
2026-01-18 17:37:06 [main] INFO  com.zaxxer.hikari.HikariDataSource - HikariPool-1 - Start completed.
2026-01-18 17:37:06 [main] WARN  org.hibernate.orm.deprecation - HHH90000025: MariaDBDialect does not need to be specified explicitly using 'hibernate.dialect' (remove the property setting and it will be selected by default)
2026-01-18 17:37:06 [main] INFO  o.h.e.t.j.p.i.JtaPlatformInitiator - HHH000489: No JTA platform available (set 'hibernate.transaction.jta.platform' to enable JTA platform integration)
2026-01-18 17:37:06 [main] INFO  o.s.o.j.LocalContainerEntityManagerFactoryBean - Initialized JPA EntityManagerFactory for persistence unit 'default'
2026-01-18 17:37:06 [main] WARN  o.s.b.a.o.j.JpaBaseConfiguration$JpaWebConfiguration - spring.jpa.open-in-view is enabled by default. Therefore, database queries may be performed during view rendering. Explicitly configure spring.jpa.open-in-view to disable this warning
2026-01-18 17:37:07 [main] INFO  o.s.b.w.e.tomcat.TomcatWebServer - Tomcat started on port 8080 (http) with context path ''
2026-01-18 17:37:07 [main] INFO  c.speedrun.webapi.WebApiApplication - Started WebApiApplication in 2.234 seconds (process running for 2.52)
2026-01-18 17:37:37 [http-nio-8081-exec-1] INFO  o.a.c.c.C.[Tomcat].[localhost].[/] - Initializing Spring DispatcherServlet 'dispatcherServlet'
2026-01-18 17:37:37 [http-nio-8081-exec-1] INFO  o.s.web.servlet.DispatcherServlet - Initializing Servlet 'dispatcherServlet'
2026-01-18 17:37:37 [http-nio-8081-exec-1] INFO  o.s.web.servlet.DispatcherServlet - Completed initialization in 1 ms
2026-01-18 17:37:37 [http-nio-8081-exec-1] INFO  c.s.u.service.SpeedrunUpdaterService - Rozpoczynanie głębokiej aktualizacji dla gry: k6q4520d
2026-01-18 17:37:48 [http-nio-8081-exec-1] INFO  c.s.u.service.SpeedrunUpdaterService - Zakończono import dla gry: Minecraft 4K
2026-01-18 17:37:52 [http-nio-8080-exec-1] INFO  o.a.c.c.C.[Tomcat].[localhost].[/] - Initializing Spring DispatcherServlet 'dispatcherServlet'
2026-01-18 17:37:52 [http-nio-8080-exec-1] INFO  o.s.web.servlet.DispatcherServlet - Initializing Servlet 'dispatcherServlet'
2026-01-18 17:37:52 [http-nio-8080-exec-1] INFO  o.s.web.servlet.DispatcherServlet - Completed initialization in 1 ms
2026-01-18 17:41:50 [SpringApplicationShutdownHook] INFO  o.s.o.j.LocalContainerEntityManagerFactoryBean - Closing JPA EntityManagerFactory for persistence unit 'default'
2026-01-18 17:41:50 [SpringApplicationShutdownHook] INFO  o.s.o.j.LocalContainerEntityManagerFactoryBean - Closing JPA EntityManagerFactory for persistence unit 'default'
2026-01-18 17:41:50 [SpringApplicationShutdownHook] INFO  com.zaxxer.hikari.HikariDataSource - HikariPool-1 - Shutdown initiated...
2026-01-18 17:41:50 [SpringApplicationShutdownHook] INFO  com.zaxxer.hikari.HikariDataSource - HikariPool-1 - Shutdown initiated...
2026-01-18 17:41:50 [SpringApplicationShutdownHook] INFO  com.zaxxer.hikari.HikariDataSource - HikariPool-1 - Shutdown completed.
2026-01-18 17:41:50 [SpringApplicationShutdownHook] INFO  com.zaxxer.hikari.HikariDataSource - HikariPool-1 - Shutdown completed.
2026-01-18 18:06:54 [main] INFO  c.s.updater.UpdaterApplication - Starting UpdaterApplication using Java 17.0.17 with PID 30192 (C:\Users\nakuy\portfolio_dysk\jaz\speedrun-project\speedrun-manager\speedrun-updater\build\classes\java\main started by nakuy in C:\Users\nakuy\portfolio_dysk\jaz\speedrun-project\speedrun-manager)
2026-01-18 18:06:54 [main] DEBUG c.s.updater.UpdaterApplication - Running with Spring Boot v3.2.2, Spring v6.1.3
2026-01-18 18:06:54 [main] INFO  c.s.updater.UpdaterApplication - No active profile set, falling back to 1 default profile: "default"
2026-01-18 18:06:54 [main] INFO  o.s.d.r.c.RepositoryConfigurationDelegate - Bootstrapping Spring Data JPA repositories in DEFAULT mode.
2026-01-18 18:06:54 [main] INFO  o.s.d.r.c.RepositoryConfigurationDelegate - Finished Spring Data repository scanning in 26 ms. Found 5 JPA repository interfaces.
2026-01-18 18:06:55 [main] INFO  o.s.b.w.e.tomcat.TomcatWebServer - Tomcat initialized with port 8081 (http)
2026-01-18 18:06:55 [main] INFO  o.a.catalina.core.StandardService - Starting service [Tomcat]
2026-01-18 18:06:55 [main] INFO  o.a.catalina.core.StandardEngine - Starting Servlet engine: [Apache Tomcat/10.1.18]
2026-01-18 18:06:55 [main] INFO  o.a.c.c.C.[Tomcat].[localhost].[/] - Initializing Spring embedded WebApplicationContext
2026-01-18 18:06:55 [main] INFO  o.s.b.w.s.c.ServletWebServerApplicationContext - Root WebApplicationContext: initialization completed in 705 ms
2026-01-18 18:06:55 [main] INFO  o.h.jpa.internal.util.LogHelper - HHH000204: Processing PersistenceUnitInfo [name: default]
2026-01-18 18:06:55 [main] INFO  org.hibernate.Version - HHH000412: Hibernate ORM core version 6.4.1.Final
2026-01-18 18:06:55 [main] INFO  o.h.c.i.RegionFactoryInitiator - HHH000026: Second-level cache disabled
2026-01-18 18:06:55 [main] INFO  o.s.o.j.p.SpringPersistenceUnitInfo - No LoadTimeWeaver setup: ignoring JPA class transformer
2026-01-18 18:06:55 [main] INFO  com.zaxxer.hikari.HikariDataSource - HikariPool-1 - Starting...
2026-01-18 18:06:55 [main] INFO  com.zaxxer.hikari.pool.HikariPool - HikariPool-1 - Added connection org.mariadb.jdbc.Connection@d6b532f
2026-01-18 18:06:55 [main] INFO  com.zaxxer.hikari.HikariDataSource - HikariPool-1 - Start completed.
2026-01-18 18:06:55 [main] WARN  org.hibernate.orm.deprecation - HHH90000025: MariaDBDialect does not need to be specified explicitly using 'hibernate.dialect' (remove the property setting and it will be selected by default)
2026-01-18 18:06:56 [main] INFO  o.h.e.t.j.p.i.JtaPlatformInitiator - HHH000489: No JTA platform available (set 'hibernate.transaction.jta.platform' to enable JTA platform integration)
2026-01-18 18:06:56 [main] INFO  o.s.o.j.LocalContainerEntityManagerFactoryBean - Initialized JPA EntityManagerFactory for persistence unit 'default'
2026-01-18 18:06:56 [main] WARN  o.s.b.a.o.j.JpaBaseConfiguration$JpaWebConfiguration - spring.jpa.open-in-view is enabled by default. Therefore, database queries may be performed during view rendering. Explicitly configure spring.jpa.open-in-view to disable this warning
2026-01-18 18:06:56 [main] INFO  o.s.b.w.e.tomcat.TomcatWebServer - Tomcat started on port 8081 (http) with context path ''
2026-01-18 18:06:56 [main] INFO  c.s.updater.UpdaterApplication - Started UpdaterApplication in 2.416 seconds (process running for 2.71)
2026-01-18 18:07:02 [main] INFO  c.speedrun.webapi.WebApiApplication - Starting WebApiApplication using Java 17.0.17 with PID 26592 (C:\Users\nakuy\portfolio_dysk\jaz\speedrun-project\speedrun-manager\speedrun-web-api\build\classes\java\main started by nakuy in C:\Users\nakuy\portfolio_dysk\jaz\speedrun-project\speedrun-manager)
2026-01-18 18:07:02 [main] DEBUG c.speedrun.webapi.WebApiApplication - Running with Spring Boot v3.2.2, Spring v6.1.3
2026-01-18 18:07:02 [main] INFO  c.speedrun.webapi.WebApiApplication - No active profile set, falling back to 1 default profile: "default"
2026-01-18 18:07:02 [main] INFO  o.s.d.r.c.RepositoryConfigurationDelegate - Bootstrapping Spring Data JPA repositories in DEFAULT mode.
2026-01-18 18:07:02 [main] INFO  o.s.d.r.c.RepositoryConfigurationDelegate - Finished Spring Data repository scanning in 24 ms. Found 5 JPA repository interfaces.
2026-01-18 18:07:03 [main] INFO  o.s.b.w.e.tomcat.TomcatWebServer - Tomcat initialized with port 8080 (http)
2026-01-18 18:07:03 [main] INFO  o.a.catalina.core.StandardService - Starting service [Tomcat]
2026-01-18 18:07:03 [main] INFO  o.a.catalina.core.StandardEngine - Starting Servlet engine: [Apache Tomcat/10.1.18]
2026-01-18 18:07:03 [main] INFO  o.a.c.c.C.[Tomcat].[localhost].[/] - Initializing Spring embedded WebApplicationContext
2026-01-18 18:07:03 [main] INFO  o.s.b.w.s.c.ServletWebServerApplicationContext - Root WebApplicationContext: initialization completed in 652 ms
2026-01-18 18:07:03 [main] INFO  o.h.jpa.internal.util.LogHelper - HHH000204: Processing PersistenceUnitInfo [name: default]
2026-01-18 18:07:03 [main] INFO  org.hibernate.Version - HHH000412: Hibernate ORM core version 6.4.1.Final
2026-01-18 18:07:03 [main] INFO  o.h.c.i.RegionFactoryInitiator - HHH000026: Second-level cache disabled
2026-01-18 18:07:03 [main] INFO  o.s.o.j.p.SpringPersistenceUnitInfo - No LoadTimeWeaver setup: ignoring JPA class transformer
2026-01-18 18:07:03 [main] INFO  com.zaxxer.hikari.HikariDataSource - HikariPool-1 - Starting...
2026-01-18 18:07:03 [main] INFO  com.zaxxer.hikari.pool.HikariPool - HikariPool-1 - Added connection org.mariadb.jdbc.Connection@3cf55e0c
2026-01-18 18:07:03 [main] INFO  com.zaxxer.hikari.HikariDataSource - HikariPool-1 - Start completed.
2026-01-18 18:07:03 [main] WARN  org.hibernate.orm.deprecation - HHH90000025: MariaDBDialect does not need to be specified explicitly using 'hibernate.dialect' (remove the property setting and it will be selected by default)
2026-01-18 18:07:03 [main] INFO  o.h.e.t.j.p.i.JtaPlatformInitiator - HHH000489: No JTA platform available (set 'hibernate.transaction.jta.platform' to enable JTA platform integration)
2026-01-18 18:07:04 [main] INFO  o.s.o.j.LocalContainerEntityManagerFactoryBean - Initialized JPA EntityManagerFactory for persistence unit 'default'
2026-01-18 18:07:04 [main] WARN  o.s.b.a.o.j.JpaBaseConfiguration$JpaWebConfiguration - spring.jpa.open-in-view is enabled by default. Therefore, database queries may be performed during view rendering. Explicitly configure spring.jpa.open-in-view to disable this warning
2026-01-18 18:07:04 [main] INFO  o.s.b.w.e.tomcat.TomcatWebServer - Tomcat started on port 8080 (http) with context path ''
2026-01-18 18:07:04 [main] INFO  c.speedrun.webapi.WebApiApplication - Started WebApiApplication in 2.26 seconds (process running for 2.543)
2026-01-18 18:07:21 [http-nio-8081-exec-1] INFO  o.a.c.c.C.[Tomcat].[localhost].[/] - Initializing Spring DispatcherServlet 'dispatcherServlet'
2026-01-18 18:07:21 [http-nio-8081-exec-1] INFO  o.s.web.servlet.DispatcherServlet - Initializing Servlet 'dispatcherServlet'
2026-01-18 18:07:21 [http-nio-8081-exec-1] INFO  o.s.web.servlet.DispatcherServlet - Completed initialization in 0 ms
2026-01-18 18:07:27 [http-nio-8081-exec-1] INFO  c.s.u.service.SpeedrunUpdaterService - Kategoria: Reach Bottom, znaleziono biegów: 5
2026-01-18 18:07:38 [http-nio-8081-exec-1] INFO  c.s.u.service.SpeedrunUpdaterService - Kategoria: Borders, znaleziono biegów: 5
2026-01-18 18:07:48 [http-nio-8081-exec-1] INFO  c.s.u.service.SpeedrunUpdaterService - Kategoria: Build Limit, znaleziono biegów: 5
2026-01-18 18:07:56 [http-nio-8080-exec-1] INFO  o.a.c.c.C.[Tomcat].[localhost].[/] - Initializing Spring DispatcherServlet 'dispatcherServlet'
2026-01-18 18:07:56 [http-nio-8080-exec-1] INFO  o.s.web.servlet.DispatcherServlet - Initializing Servlet 'dispatcherServlet'
2026-01-18 18:07:56 [http-nio-8080-exec-1] INFO  o.s.web.servlet.DispatcherServlet - Completed initialization in 0 ms
2026-01-18 18:15:54 [SpringApplicationShutdownHook] INFO  o.s.o.j.LocalContainerEntityManagerFactoryBean - Closing JPA EntityManagerFactory for persistence unit 'default'
2026-01-18 18:15:54 [SpringApplicationShutdownHook] INFO  o.s.o.j.LocalContainerEntityManagerFactoryBean - Closing JPA EntityManagerFactory for persistence unit 'default'
2026-01-18 18:15:54 [SpringApplicationShutdownHook] INFO  com.zaxxer.hikari.HikariDataSource - HikariPool-1 - Shutdown initiated...
2026-01-18 18:15:54 [SpringApplicationShutdownHook] INFO  com.zaxxer.hikari.HikariDataSource - HikariPool-1 - Shutdown initiated...
2026-01-18 18:15:54 [SpringApplicationShutdownHook] INFO  com.zaxxer.hikari.HikariDataSource - HikariPool-1 - Shutdown completed.
2026-01-18 18:15:54 [SpringApplicationShutdownHook] INFO  com.zaxxer.hikari.HikariDataSource - HikariPool-1 - Shutdown completed.
2026-01-18 18:16:01 [main] INFO  c.s.updater.UpdaterApplication - Starting UpdaterApplication using Java 17.0.17 with PID 27328 (C:\Users\nakuy\portfolio_dysk\jaz\speedrun-project\speedrun-manager\speedrun-updater\build\classes\java\main started by nakuy in C:\Users\nakuy\portfolio_dysk\jaz\speedrun-project\speedrun-manager)
2026-01-18 18:16:01 [main] DEBUG c.s.updater.UpdaterApplication - Running with Spring Boot v3.2.2, Spring v6.1.3
2026-01-18 18:16:01 [main] INFO  c.s.updater.UpdaterApplication - No active profile set, falling back to 1 default profile: "default"
2026-01-18 18:16:01 [main] INFO  o.s.d.r.c.RepositoryConfigurationDelegate - Bootstrapping Spring Data JPA repositories in DEFAULT mode.
2026-01-18 18:16:01 [main] INFO  o.s.d.r.c.RepositoryConfigurationDelegate - Finished Spring Data repository scanning in 25 ms. Found 5 JPA repository interfaces.
2026-01-18 18:16:01 [main] INFO  o.s.b.w.e.tomcat.TomcatWebServer - Tomcat initialized with port 8081 (http)
2026-01-18 18:16:01 [main] INFO  o.a.catalina.core.StandardService - Starting service [Tomcat]
2026-01-18 18:16:01 [main] INFO  o.a.catalina.core.StandardEngine - Starting Servlet engine: [Apache Tomcat/10.1.18]
2026-01-18 18:16:01 [main] INFO  o.a.c.c.C.[Tomcat].[localhost].[/] - Initializing Spring embedded WebApplicationContext
2026-01-18 18:16:01 [main] INFO  o.s.b.w.s.c.ServletWebServerApplicationContext - Root WebApplicationContext: initialization completed in 707 ms
2026-01-18 18:16:02 [main] INFO  o.h.jpa.internal.util.LogHelper - HHH000204: Processing PersistenceUnitInfo [name: default]
2026-01-18 18:16:02 [main] INFO  org.hibernate.Version - HHH000412: Hibernate ORM core version 6.4.1.Final
2026-01-18 18:16:02 [main] INFO  o.h.c.i.RegionFactoryInitiator - HHH000026: Second-level cache disabled
2026-01-18 18:16:02 [main] INFO  o.s.o.j.p.SpringPersistenceUnitInfo - No LoadTimeWeaver setup: ignoring JPA class transformer
2026-01-18 18:16:02 [main] INFO  com.zaxxer.hikari.HikariDataSource - HikariPool-1 - Starting...
2026-01-18 18:16:02 [main] INFO  com.zaxxer.hikari.pool.HikariPool - HikariPool-1 - Added connection org.mariadb.jdbc.Connection@7f426ddd
2026-01-18 18:16:02 [main] INFO  com.zaxxer.hikari.HikariDataSource - HikariPool-1 - Start completed.
2026-01-18 18:16:02 [main] WARN  org.hibernate.orm.deprecation - HHH90000025: MariaDBDialect does not need to be specified explicitly using 'hibernate.dialect' (remove the property setting and it will be selected by default)
2026-01-18 18:16:02 [main] INFO  o.h.e.t.j.p.i.JtaPlatformInitiator - HHH000489: No JTA platform available (set 'hibernate.transaction.jta.platform' to enable JTA platform integration)
2026-01-18 18:16:03 [main] INFO  o.s.o.j.LocalContainerEntityManagerFactoryBean - Initialized JPA EntityManagerFactory for persistence unit 'default'
2026-01-18 18:16:03 [main] WARN  o.s.b.a.o.j.JpaBaseConfiguration$JpaWebConfiguration - spring.jpa.open-in-view is enabled by default. Therefore, database queries may be performed during view rendering. Explicitly configure spring.jpa.open-in-view to disable this warning
2026-01-18 18:16:03 [main] INFO  o.s.b.w.e.tomcat.TomcatWebServer - Tomcat started on port 8081 (http) with context path ''
2026-01-18 18:16:03 [main] INFO  c.s.updater.UpdaterApplication - Started UpdaterApplication in 2.443 seconds (process running for 2.734)
2026-01-18 18:16:10 [main] INFO  c.speedrun.webapi.WebApiApplication - Starting WebApiApplication using Java 17.0.17 with PID 18572 (C:\Users\nakuy\portfolio_dysk\jaz\speedrun-project\speedrun-manager\speedrun-web-api\build\classes\java\main started by nakuy in C:\Users\nakuy\portfolio_dysk\jaz\speedrun-project\speedrun-manager)
2026-01-18 18:16:10 [main] DEBUG c.speedrun.webapi.WebApiApplication - Running with Spring Boot v3.2.2, Spring v6.1.3
2026-01-18 18:16:10 [main] INFO  c.speedrun.webapi.WebApiApplication - No active profile set, falling back to 1 default profile: "default"
2026-01-18 18:16:11 [main] INFO  o.s.d.r.c.RepositoryConfigurationDelegate - Bootstrapping Spring Data JPA repositories in DEFAULT mode.
2026-01-18 18:16:11 [main] INFO  o.s.d.r.c.RepositoryConfigurationDelegate - Finished Spring Data repository scanning in 25 ms. Found 5 JPA repository interfaces.
2026-01-18 18:16:11 [main] INFO  o.s.b.w.e.tomcat.TomcatWebServer - Tomcat initialized with port 8080 (http)
2026-01-18 18:16:11 [main] INFO  o.a.catalina.core.StandardService - Starting service [Tomcat]
2026-01-18 18:16:11 [main] INFO  o.a.catalina.core.StandardEngine - Starting Servlet engine: [Apache Tomcat/10.1.18]
2026-01-18 18:16:11 [main] INFO  o.a.c.c.C.[Tomcat].[localhost].[/] - Initializing Spring embedded WebApplicationContext
2026-01-18 18:16:11 [main] INFO  o.s.b.w.s.c.ServletWebServerApplicationContext - Root WebApplicationContext: initialization completed in 689 ms
2026-01-18 18:16:11 [main] INFO  o.h.jpa.internal.util.LogHelper - HHH000204: Processing PersistenceUnitInfo [name: default]
2026-01-18 18:16:11 [main] INFO  org.hibernate.Version - HHH000412: Hibernate ORM core version 6.4.1.Final
2026-01-18 18:16:11 [main] INFO  o.h.c.i.RegionFactoryInitiator - HHH000026: Second-level cache disabled
2026-01-18 18:16:11 [main] INFO  o.s.o.j.p.SpringPersistenceUnitInfo - No LoadTimeWeaver setup: ignoring JPA class transformer
2026-01-18 18:16:11 [main] INFO  com.zaxxer.hikari.HikariDataSource - HikariPool-1 - Starting...
2026-01-18 18:16:11 [main] INFO  com.zaxxer.hikari.pool.HikariPool - HikariPool-1 - Added connection org.mariadb.jdbc.Connection@34aa8b61
2026-01-18 18:16:11 [main] INFO  com.zaxxer.hikari.HikariDataSource - HikariPool-1 - Start completed.
2026-01-18 18:16:11 [main] WARN  org.hibernate.orm.deprecation - HHH90000025: MariaDBDialect does not need to be specified explicitly using 'hibernate.dialect' (remove the property setting and it will be selected by default)
2026-01-18 18:16:12 [main] INFO  o.h.e.t.j.p.i.JtaPlatformInitiator - HHH000489: No JTA platform available (set 'hibernate.transaction.jta.platform' to enable JTA platform integration)
2026-01-18 18:16:12 [main] INFO  o.s.o.j.LocalContainerEntityManagerFactoryBean - Initialized JPA EntityManagerFactory for persistence unit 'default'
2026-01-18 18:16:12 [main] WARN  o.s.b.a.o.j.JpaBaseConfiguration$JpaWebConfiguration - spring.jpa.open-in-view is enabled by default. Therefore, database queries may be performed during view rendering. Explicitly configure spring.jpa.open-in-view to disable this warning
2026-01-18 18:16:13 [main] INFO  o.s.b.w.e.tomcat.TomcatWebServer - Tomcat started on port 8080 (http) with context path ''
2026-01-18 18:16:13 [main] INFO  c.speedrun.webapi.WebApiApplication - Started WebApiApplication in 2.389 seconds (process running for 2.682)
2026-01-18 18:17:10 [http-nio-8081-exec-1] INFO  o.a.c.c.C.[Tomcat].[localhost].[/] - Initializing Spring DispatcherServlet 'dispatcherServlet'
2026-01-18 18:17:10 [http-nio-8081-exec-1] INFO  o.s.web.servlet.DispatcherServlet - Initializing Servlet 'dispatcherServlet'
2026-01-18 18:17:10 [http-nio-8081-exec-1] INFO  o.s.web.servlet.DispatcherServlet - Completed initialization in 1 ms
2026-01-18 18:17:16 [http-nio-8081-exec-1] WARN  com.speedrun.client.SpeedrunClient - Nie znaleziono rankingu dla kategorii: 824m9pn2
2026-01-18 18:17:16 [http-nio-8081-exec-1] INFO  c.s.u.service.SpeedrunUpdaterService - Kategoria: Individual Quests, znaleziono biegów: 0
2026-01-18 18:17:22 [http-nio-8080-exec-1] INFO  o.a.c.c.C.[Tomcat].[localhost].[/] - Initializing Spring DispatcherServlet 'dispatcherServlet'
2026-01-18 18:17:22 [http-nio-8080-exec-1] INFO  o.s.web.servlet.DispatcherServlet - Initializing Servlet 'dispatcherServlet'
2026-01-18 18:17:22 [http-nio-8080-exec-1] INFO  o.s.web.servlet.DispatcherServlet - Completed initialization in 0 ms
2026-01-18 18:18:40 [http-nio-8081-exec-4] WARN  com.speedrun.client.SpeedrunClient - Nie znaleziono rankingu dla kategorii: xk9wx4v2
2026-01-18 18:18:40 [http-nio-8081-exec-4] INFO  c.s.u.service.SpeedrunUpdaterService - Kategoria: Glitchless, znaleziono biegów: 0
2026-01-18 18:18:42 [http-nio-8081-exec-4] WARN  com.speedrun.client.SpeedrunClient - Nie znaleziono rankingu dla kategorii: z27wvq4k
2026-01-18 18:18:42 [http-nio-8081-exec-4] INFO  c.s.u.service.SpeedrunUpdaterService - Kategoria: Glitches, znaleziono biegów: 0
2026-01-18 18:24:59 [http-nio-8081-exec-7] WARN  com.speedrun.client.SpeedrunClient - Nie znaleziono rankingu dla kategorii: xk9wx4v2
2026-01-18 18:24:59 [http-nio-8081-exec-7] INFO  c.s.u.service.SpeedrunUpdaterService - Kategoria: Glitchless, znaleziono biegów: 0
2026-01-18 18:25:01 [http-nio-8081-exec-7] WARN  com.speedrun.client.SpeedrunClient - Nie znaleziono rankingu dla kategorii: z27wvq4k
2026-01-18 18:25:01 [http-nio-8081-exec-7] INFO  c.s.u.service.SpeedrunUpdaterService - Kategoria: Glitches, znaleziono biegów: 0
2026-01-18 18:25:16 [http-nio-8081-exec-8] INFO  c.s.u.service.SpeedrunUpdaterService - Kategoria: Neutral, znaleziono biegów: 5
2026-01-18 18:25:18 [http-nio-8081-exec-8] INFO  c.s.u.service.SpeedrunUpdaterService - Pobieranie danych o nowej platformie z API: 5neg7key
2026-01-18 18:25:29 [http-nio-8081-exec-8] INFO  c.s.u.service.SpeedrunUpdaterService - Kategoria: True Pacifist, znaleziono biegów: 5
2026-01-18 18:25:35 [http-nio-8081-exec-8] INFO  c.s.u.service.SpeedrunUpdaterService - Kategoria: Genocide, znaleziono biegów: 5
2026-01-18 18:25:37 [http-nio-8081-exec-8] INFO  c.s.u.service.SpeedrunUpdaterService - Pobieranie danych o nowej platformie z API: 7m6ylw9p
2026-01-18 18:25:42 [http-nio-8081-exec-8] INFO  c.s.u.service.SpeedrunUpdaterService - Pobieranie danych o nowej platformie z API: 8gej2n93
2026-01-18 18:25:47 [http-nio-8081-exec-8] INFO  c.s.u.service.SpeedrunUpdaterService - Kategoria: New Game+, znaleziono biegów: 5
2026-01-18 18:25:51 [http-nio-8081-exec-8] INFO  c.s.u.service.SpeedrunUpdaterService - Kategoria: New Game+ Glitchless, znaleziono biegów: 5
2026-01-18 18:25:57 [http-nio-8081-exec-8] INFO  c.s.u.service.SpeedrunUpdaterService - Kategoria: Soulless Pacifist, znaleziono biegów: 5
2026-01-18 18:26:02 [http-nio-8081-exec-8] INFO  c.s.u.service.SpeedrunUpdaterService - Kategoria: All Major Endings, znaleziono biegów: 5
2026-01-18 18:26:08 [http-nio-8081-exec-8] INFO  c.s.u.service.SpeedrunUpdaterService - Kategoria: All Major Endings Glitchless, znaleziono biegów: 5
2026-01-18 18:26:15 [http-nio-8081-exec-8] INFO  c.s.u.service.SpeedrunUpdaterService - Kategoria: Hard Mode, znaleziono biegów: 5
2026-01-18 18:26:18 [http-nio-8081-exec-8] INFO  c.s.u.service.SpeedrunUpdaterService - Kategoria: Low%, znaleziono biegów: 5
2026-01-18 18:26:23 [http-nio-8081-exec-8] WARN  com.speedrun.client.SpeedrunClient - Nie znaleziono rankingu dla kategorii: z27lx14d
2026-01-18 18:26:23 [http-nio-8081-exec-8] INFO  c.s.u.service.SpeedrunUpdaterService - Kategoria: Any%, znaleziono biegów: 0
2026-01-18 18:26:25 [http-nio-8081-exec-8] WARN  com.speedrun.client.SpeedrunClient - Nie znaleziono rankingu dla kategorii: zdnxv8n2
2026-01-18 18:26:25 [http-nio-8081-exec-8] INFO  c.s.u.service.SpeedrunUpdaterService - Kategoria: Glitchless, znaleziono biegów: 0
2026-01-18 18:26:27 [http-nio-8081-exec-8] WARN  com.speedrun.client.SpeedrunClient - Nie znaleziono rankingu dla kategorii: q253vmjk
2026-01-18 18:26:27 [http-nio-8081-exec-8] INFO  c.s.u.service.SpeedrunUpdaterService - Kategoria: Genocide, znaleziono biegów: 0
2026-01-18 18:26:29 [http-nio-8081-exec-8] INFO  c.s.u.service.SpeedrunUpdaterService - Kategoria: Neutral Glitchless (No Aborted Genocide), znaleziono biegów: 5
2026-01-18 18:26:33 [http-nio-8081-exec-8] INFO  c.s.u.service.SpeedrunUpdaterService - Kategoria: Neutral Glitchless, znaleziono biegów: 5
2026-01-18 18:26:35 [http-nio-8081-exec-8] INFO  c.s.u.service.SpeedrunUpdaterService - Kategoria: TPE Glitchless, znaleziono biegów: 6
2026-01-18 18:26:37 [http-nio-8081-exec-8] INFO  c.s.u.service.SpeedrunUpdaterService - Kategoria: All Yellow Credits, znaleziono biegów: 5
2026-01-18 18:26:37 [http-nio-8081-exec-8] INFO  c.s.u.service.SpeedrunUpdaterService - Pobieranie danych o nowej platformie z API: 4p9z70er
2026-01-18 18:26:43 [http-nio-8081-exec-8] INFO  c.s.u.service.SpeedrunUpdaterService - Kategoria: Dog Ending, znaleziono biegów: 5
2026-01-18 18:26:46 [http-nio-8081-exec-8] INFO  c.s.u.service.SpeedrunUpdaterService - Kategoria: Dog Ending Glitchless, znaleziono biegów: 5
